2019-08-26 00:03:24.903 [main] INFO  com.laizhong.hotel.HotelApplication - Starting HotelApplication on PC-20170115GALA with PID 6348 (F:\project\hotel\bin\main started by zhousiting in F:\project\hotel)
2019-08-26 00:03:24.928 [main] INFO  com.laizhong.hotel.HotelApplication - No active profile set, falling back to default profiles: default
2019-08-26 00:03:25.044 [main] INFO  o.s.b.w.s.c.AnnotationConfigServletWebServerApplicationContext - Refreshing org.springframework.boot.web.servlet.context.AnnotationConfigServletWebServerApplicationContext@5e0826e7: startup date [Mon Aug 26 00:03:25 CST 2019]; root of context hierarchy
2019-08-26 00:03:27.875 [main] INFO  o.s.boot.web.embedded.tomcat.TomcatWebServer - Tomcat initialized with port(s): 8083 (http)
2019-08-26 00:03:27.905 [main] INFO  org.apache.coyote.http11.Http11NioProtocol - Initializing ProtocolHandler ["http-nio-8083"]
2019-08-26 00:03:27.937 [main] INFO  org.apache.catalina.core.StandardService - Starting service [Tomcat]
2019-08-26 00:03:27.937 [main] INFO  org.apache.catalina.core.StandardEngine - Starting Servlet Engine: Apache Tomcat/8.5.39
2019-08-26 00:03:27.956 [localhost-startStop-1] INFO  org.apache.catalina.core.AprLifecycleListener - The APR based Apache Tomcat Native library which allows optimal performance in production environments was not found on the java.library.path: [D:\Program Files\Java\jdk1.8.0_121\bin;C:\Windows\Sun\Java\bin;C:\Windows\system32;C:\Windows;D:/Program Files/Java/jdk1.8.0_121/bin/../jre/bin/server;D:/Program Files/Java/jdk1.8.0_121/bin/../jre/bin;D:/Program Files/Java/jdk1.8.0_121/bin/../jre/lib/amd64;D:\Program Files\Java\jdk1.8.0_121\bin;C:\ProgramData\Oracle\Java\javapath;C:\Windows\system32;C:\Windows;C:\Windows\System32\Wbem;C:\Windows\System32\WindowsPowerShell\v1.0\;D:\Program Files\Microsoft SQL Server\110\Tools\Binn\;D:\Program Files (x86)\Microsoft SQL Server\110\Tools\Binn\ManagementStudio\;D:\Program Files (x86)\Microsoft SQL Server\110\Tools\Binn\;D:\Program Files (x86)\Microsoft SQL Server\110\DTS\Binn\;D:\Program Files\Java\jdk1.8.0_121\bin;D:\Program Files\Java\jdk1.8.0_121\jre\bin;C:\Program Files\MySQL\MySQL Server 5.5\bin;D:\Program Files\MySQL\MySQL Server 5.5\bin;C:\Users\zhousiting\.dnx\bin;C:\Program Files\Microsoft DNX\Dnvm\;C:\Program Files\dotnet\;D:\Program Files\Microsoft SQL Server\130\Tools\Binn\;D:\java\Git\bin;D:\java\gradle-4.7-all\gradle-4.7\bin;F:\论文\环境\eclipse-jee-neon-2-win32-x86_64\eclipse;;.]
2019-08-26 00:03:28.122 [localhost-startStop-1] INFO  o.a.c.c.C.[Tomcat].[localhost].[/laizhong] - Initializing Spring embedded WebApplicationContext
2019-08-26 00:03:29.047 [localhost-startStop-1] INFO  o.s.boot.web.servlet.ServletRegistrationBean - Servlet dispatcherServlet mapped to [/]
2019-08-26 00:03:29.053 [localhost-startStop-1] INFO  o.s.boot.web.servlet.FilterRegistrationBean - Mapping filter: 'characterEncodingFilter' to: [/*]
2019-08-26 00:03:29.053 [localhost-startStop-1] INFO  o.s.boot.web.servlet.FilterRegistrationBean - Mapping filter: 'hiddenHttpMethodFilter' to: [/*]
2019-08-26 00:03:29.054 [localhost-startStop-1] INFO  o.s.boot.web.servlet.FilterRegistrationBean - Mapping filter: 'httpPutFormContentFilter' to: [/*]
2019-08-26 00:03:29.055 [localhost-startStop-1] INFO  o.s.boot.web.servlet.FilterRegistrationBean - Mapping filter: 'requestContextFilter' to: [/*]
2019-08-26 00:03:29.055 [localhost-startStop-1] INFO  o.s.boot.web.servlet.FilterRegistrationBean - Mapping filter: 'com.laizhong.hotel.filter.LoginFilter' to: [/*]
2019-08-26 00:03:30.060 [main] INFO  o.s.b.a.web.servlet.WelcomePageHandlerMapping - Adding welcome page: class path resource [static/index.html]
2019-08-26 00:03:30.802 [main] INFO  o.s.jmx.export.annotation.AnnotationMBeanExporter - Registering beans for JMX exposure on startup
2019-08-26 00:03:30.807 [main] INFO  o.s.jmx.export.annotation.AnnotationMBeanExporter - Bean with name 'dataSource' has been autodetected for JMX exposure
2019-08-26 00:03:30.821 [main] INFO  o.s.jmx.export.annotation.AnnotationMBeanExporter - Located MBean 'dataSource': registering with JMX server as MBean [com.zaxxer.hikari:name=dataSource,type=HikariDataSource]
2019-08-26 00:03:30.851 [main] INFO  org.apache.coyote.http11.Http11NioProtocol - Starting ProtocolHandler ["http-nio-8083"]
2019-08-26 00:03:30.873 [main] INFO  org.apache.tomcat.util.net.NioSelectorPool - Using a shared selector for servlet write/read
2019-08-26 00:03:30.975 [main] INFO  o.s.boot.web.embedded.tomcat.TomcatWebServer - Tomcat started on port(s): 8083 (http) with context path '/laizhong'
2019-08-26 00:03:30.981 [main] INFO  com.laizhong.hotel.HotelApplication - Started HotelApplication in 6.768 seconds (JVM running for 7.331)
2019-08-26 00:03:41.900 [http-nio-8083-exec-3] INFO  o.a.c.c.C.[Tomcat].[localhost].[/laizhong] - Initializing Spring FrameworkServlet 'dispatcherServlet'
2019-08-26 00:03:42.652 [http-nio-8083-exec-3] INFO  com.laizhong.hotel.utils.HttpClientUtil - begin Sent Http Get Request,url=http://kty-bucket.oss-cn-beijing.aliyuncs.com/password.txt
2019-08-26 00:03:42.895 [http-nio-8083-exec-3] INFO  com.laizhong.hotel.utils.HttpClientUtil - end Http Get Request,result=ResponseEntityProxy{[Content-Type: text/plain,Content-Length: 32,Chunked: false]}
2019-08-26 00:03:42.925 [http-nio-8083-exec-10] INFO  com.laizhong.hotel.utils.HttpClientUtil - begin Sent Http Get Request,url=http://kty-bucket.oss-cn-beijing.aliyuncs.com/password.txt
2019-08-26 00:03:43.034 [http-nio-8083-exec-10] INFO  com.laizhong.hotel.utils.HttpClientUtil - end Http Get Request,result=ResponseEntityProxy{[Content-Type: text/plain,Content-Length: 32,Chunked: false]}
2019-08-26 00:03:43.106 [http-nio-8083-exec-6] INFO  com.laizhong.hotel.utils.HttpClientUtil - begin Sent Http Get Request,url=http://kty-bucket.oss-cn-beijing.aliyuncs.com/password.txt
2019-08-26 00:03:43.107 [http-nio-8083-exec-2] INFO  com.laizhong.hotel.utils.HttpClientUtil - begin Sent Http Get Request,url=http://kty-bucket.oss-cn-beijing.aliyuncs.com/password.txt
2019-08-26 00:03:43.153 [http-nio-8083-exec-8] INFO  com.laizhong.hotel.utils.HttpClientUtil - begin Sent Http Get Request,url=http://kty-bucket.oss-cn-beijing.aliyuncs.com/password.txt
2019-08-26 00:03:43.154 [http-nio-8083-exec-4] INFO  com.laizhong.hotel.utils.HttpClientUtil - begin Sent Http Get Request,url=http://kty-bucket.oss-cn-beijing.aliyuncs.com/password.txt
2019-08-26 00:03:43.159 [http-nio-8083-exec-9] INFO  com.laizhong.hotel.utils.HttpClientUtil - begin Sent Http Get Request,url=http://kty-bucket.oss-cn-beijing.aliyuncs.com/password.txt
2019-08-26 00:03:43.162 [http-nio-8083-exec-5] INFO  com.laizhong.hotel.utils.HttpClientUtil - begin Sent Http Get Request,url=http://kty-bucket.oss-cn-beijing.aliyuncs.com/password.txt
2019-08-26 00:03:43.241 [http-nio-8083-exec-8] INFO  com.laizhong.hotel.utils.HttpClientUtil - end Http Get Request,result=ResponseEntityProxy{[Content-Type: text/plain,Content-Length: 32,Chunked: false]}
2019-08-26 00:03:43.247 [http-nio-8083-exec-4] INFO  com.laizhong.hotel.utils.HttpClientUtil - end Http Get Request,result=ResponseEntityProxy{[Content-Type: text/plain,Content-Length: 32,Chunked: false]}
2019-08-26 00:03:43.251 [http-nio-8083-exec-9] INFO  com.laizhong.hotel.utils.HttpClientUtil - end Http Get Request,result=ResponseEntityProxy{[Content-Type: text/plain,Content-Length: 32,Chunked: false]}
2019-08-26 00:03:43.257 [http-nio-8083-exec-4] INFO  com.laizhong.hotel.utils.HttpClientUtil - begin Sent Http Get Request,url=http://kty-bucket.oss-cn-beijing.aliyuncs.com/password.txt
2019-08-26 00:03:43.259 [http-nio-8083-exec-2] INFO  com.laizhong.hotel.utils.HttpClientUtil - end Http Get Request,result=ResponseEntityProxy{[Content-Type: text/plain,Content-Length: 32,Chunked: false]}
2019-08-26 00:03:43.262 [http-nio-8083-exec-5] INFO  com.laizhong.hotel.utils.HttpClientUtil - end Http Get Request,result=ResponseEntityProxy{[Content-Type: text/plain,Content-Length: 32,Chunked: false]}
2019-08-26 00:03:43.270 [http-nio-8083-exec-6] INFO  com.laizhong.hotel.utils.HttpClientUtil - end Http Get Request,result=ResponseEntityProxy{[Content-Type: text/plain,Content-Length: 32,Chunked: false]}
2019-08-26 00:03:43.357 [http-nio-8083-exec-4] INFO  com.laizhong.hotel.utils.HttpClientUtil - end Http Get Request,result=ResponseEntityProxy{[Content-Type: text/plain,Content-Length: 32,Chunked: false]}
2019-08-26 00:03:43.370 [http-nio-8083-exec-7] INFO  com.laizhong.hotel.utils.HttpClientUtil - begin Sent Http Get Request,url=http://kty-bucket.oss-cn-beijing.aliyuncs.com/password.txt
2019-08-26 00:03:43.373 [http-nio-8083-exec-3] INFO  com.laizhong.hotel.utils.HttpClientUtil - begin Sent Http Get Request,url=http://kty-bucket.oss-cn-beijing.aliyuncs.com/password.txt
2019-08-26 00:03:43.399 [http-nio-8083-exec-10] INFO  com.laizhong.hotel.utils.HttpClientUtil - begin Sent Http Get Request,url=http://kty-bucket.oss-cn-beijing.aliyuncs.com/password.txt
2019-08-26 00:03:43.401 [http-nio-8083-exec-8] INFO  com.laizhong.hotel.utils.HttpClientUtil - begin Sent Http Get Request,url=http://kty-bucket.oss-cn-beijing.aliyuncs.com/password.txt
2019-08-26 00:03:43.436 [http-nio-8083-exec-1] INFO  com.laizhong.hotel.utils.HttpClientUtil - begin Sent Http Get Request,url=http://kty-bucket.oss-cn-beijing.aliyuncs.com/password.txt
2019-08-26 00:03:43.506 [http-nio-8083-exec-7] INFO  com.laizhong.hotel.utils.HttpClientUtil - end Http Get Request,result=ResponseEntityProxy{[Content-Type: text/plain,Content-Length: 32,Chunked: false]}
2019-08-26 00:03:43.509 [http-nio-8083-exec-10] INFO  com.laizhong.hotel.utils.HttpClientUtil - end Http Get Request,result=ResponseEntityProxy{[Content-Type: text/plain,Content-Length: 32,Chunked: false]}
2019-08-26 00:03:43.521 [http-nio-8083-exec-3] INFO  com.laizhong.hotel.utils.HttpClientUtil - end Http Get Request,result=ResponseEntityProxy{[Content-Type: text/plain,Content-Length: 32,Chunked: false]}
2019-08-26 00:03:43.530 [http-nio-8083-exec-8] INFO  com.laizhong.hotel.utils.HttpClientUtil - end Http Get Request,result=ResponseEntityProxy{[Content-Type: text/plain,Content-Length: 32,Chunked: false]}
2019-08-26 00:03:43.554 [http-nio-8083-exec-1] INFO  com.laizhong.hotel.utils.HttpClientUtil - end Http Get Request,result=ResponseEntityProxy{[Content-Type: text/plain,Content-Length: 32,Chunked: false]}
2019-08-26 00:03:48.393 [http-nio-8083-exec-9] INFO  com.laizhong.hotel.utils.HttpClientUtil - begin Sent Http Get Request,url=http://kty-bucket.oss-cn-beijing.aliyuncs.com/password.txt
2019-08-26 00:03:48.513 [http-nio-8083-exec-9] INFO  com.laizhong.hotel.utils.HttpClientUtil - end Http Get Request,result=ResponseEntityProxy{[Content-Type: text/plain,Content-Length: 32,Chunked: false]}
2019-08-26 00:04:10.490 [http-nio-8083-exec-10] INFO  com.laizhong.hotel.utils.HttpClientUtil - begin Sent Http Get Request,url=http://kty-bucket.oss-cn-beijing.aliyuncs.com/password.txt
2019-08-26 00:04:10.604 [http-nio-8083-exec-10] INFO  com.laizhong.hotel.utils.HttpClientUtil - end Http Get Request,result=ResponseEntityProxy{[Content-Type: text/plain,Content-Length: 32,Chunked: false]}
2019-08-26 00:04:10.956 [http-nio-8083-exec-1] INFO  com.laizhong.hotel.utils.HttpClientUtil - begin Sent Http Get Request,url=http://kty-bucket.oss-cn-beijing.aliyuncs.com/password.txt
2019-08-26 00:04:10.959 [http-nio-8083-exec-8] INFO  com.laizhong.hotel.utils.HttpClientUtil - begin Sent Http Get Request,url=http://kty-bucket.oss-cn-beijing.aliyuncs.com/password.txt
2019-08-26 00:04:10.964 [http-nio-8083-exec-6] INFO  com.laizhong.hotel.utils.HttpClientUtil - begin Sent Http Get Request,url=http://kty-bucket.oss-cn-beijing.aliyuncs.com/password.txt
2019-08-26 00:04:10.968 [http-nio-8083-exec-5] INFO  com.laizhong.hotel.utils.HttpClientUtil - begin Sent Http Get Request,url=http://kty-bucket.oss-cn-beijing.aliyuncs.com/password.txt
2019-08-26 00:04:10.970 [http-nio-8083-exec-9] INFO  com.laizhong.hotel.utils.HttpClientUtil - begin Sent Http Get Request,url=http://kty-bucket.oss-cn-beijing.aliyuncs.com/password.txt
2019-08-26 00:04:10.971 [http-nio-8083-exec-2] INFO  com.laizhong.hotel.utils.HttpClientUtil - begin Sent Http Get Request,url=http://kty-bucket.oss-cn-beijing.aliyuncs.com/password.txt
2019-08-26 00:04:11.048 [http-nio-8083-exec-1] INFO  com.laizhong.hotel.utils.HttpClientUtil - end Http Get Request,result=ResponseEntityProxy{[Content-Type: text/plain,Content-Length: 32,Chunked: false]}
2019-08-26 00:04:11.057 [http-nio-8083-exec-8] INFO  com.laizhong.hotel.utils.HttpClientUtil - end Http Get Request,result=ResponseEntityProxy{[Content-Type: text/plain,Content-Length: 32,Chunked: false]}
2019-08-26 00:04:11.066 [http-nio-8083-exec-6] INFO  com.laizhong.hotel.utils.HttpClientUtil - end Http Get Request,result=ResponseEntityProxy{[Content-Type: text/plain,Content-Length: 32,Chunked: false]}
2019-08-26 00:04:11.073 [http-nio-8083-exec-2] INFO  com.laizhong.hotel.utils.HttpClientUtil - end Http Get Request,result=ResponseEntityProxy{[Content-Type: text/plain,Content-Length: 32,Chunked: false]}
2019-08-26 00:04:11.074 [http-nio-8083-exec-9] INFO  com.laizhong.hotel.utils.HttpClientUtil - end Http Get Request,result=ResponseEntityProxy{[Content-Type: text/plain,Content-Length: 32,Chunked: false]}
2019-08-26 00:04:11.082 [http-nio-8083-exec-5] INFO  com.laizhong.hotel.utils.HttpClientUtil - end Http Get Request,result=ResponseEntityProxy{[Content-Type: text/plain,Content-Length: 32,Chunked: false]}
2019-08-26 00:04:11.092 [http-nio-8083-exec-4] INFO  com.laizhong.hotel.utils.HttpClientUtil - begin Sent Http Get Request,url=http://kty-bucket.oss-cn-beijing.aliyuncs.com/password.txt
2019-08-26 00:04:11.202 [http-nio-8083-exec-4] INFO  com.laizhong.hotel.utils.HttpClientUtil - end Http Get Request,result=ResponseEntityProxy{[Content-Type: text/plain,Content-Length: 32,Chunked: false]}
2019-08-26 00:04:11.558 [http-nio-8083-exec-3] INFO  com.laizhong.hotel.utils.HttpClientUtil - begin Sent Http Get Request,url=http://kty-bucket.oss-cn-beijing.aliyuncs.com/password.txt
2019-08-26 00:04:11.563 [http-nio-8083-exec-7] INFO  com.laizhong.hotel.utils.HttpClientUtil - begin Sent Http Get Request,url=http://kty-bucket.oss-cn-beijing.aliyuncs.com/password.txt
2019-08-26 00:04:11.574 [http-nio-8083-exec-10] INFO  com.laizhong.hotel.utils.HttpClientUtil - begin Sent Http Get Request,url=http://kty-bucket.oss-cn-beijing.aliyuncs.com/password.txt
2019-08-26 00:04:11.584 [http-nio-8083-exec-9] INFO  com.laizhong.hotel.utils.HttpClientUtil - begin Sent Http Get Request,url=http://kty-bucket.oss-cn-beijing.aliyuncs.com/password.txt
2019-08-26 00:04:11.587 [http-nio-8083-exec-8] INFO  com.laizhong.hotel.utils.HttpClientUtil - begin Sent Http Get Request,url=http://kty-bucket.oss-cn-beijing.aliyuncs.com/password.txt
2019-08-26 00:04:11.669 [http-nio-8083-exec-10] INFO  com.laizhong.hotel.utils.HttpClientUtil - end Http Get Request,result=ResponseEntityProxy{[Content-Type: text/plain,Content-Length: 32,Chunked: false]}
2019-08-26 00:04:11.669 [http-nio-8083-exec-7] INFO  com.laizhong.hotel.utils.HttpClientUtil - end Http Get Request,result=ResponseEntityProxy{[Content-Type: text/plain,Content-Length: 32,Chunked: false]}
2019-08-26 00:04:11.670 [http-nio-8083-exec-3] INFO  com.laizhong.hotel.utils.HttpClientUtil - end Http Get Request,result=ResponseEntityProxy{[Content-Type: text/plain,Content-Length: 32,Chunked: false]}
2019-08-26 00:04:11.696 [http-nio-8083-exec-9] INFO  com.laizhong.hotel.utils.HttpClientUtil - end Http Get Request,result=ResponseEntityProxy{[Content-Type: text/plain,Content-Length: 32,Chunked: false]}
2019-08-26 00:04:11.696 [http-nio-8083-exec-8] INFO  com.laizhong.hotel.utils.HttpClientUtil - end Http Get Request,result=ResponseEntityProxy{[Content-Type: text/plain,Content-Length: 32,Chunked: false]}
2019-08-26 00:04:17.991 [http-nio-8083-exec-9] INFO  com.laizhong.hotel.utils.HttpClientUtil - begin Sent Http Get Request,url=http://kty-bucket.oss-cn-beijing.aliyuncs.com/password.txt
2019-08-26 00:04:18.101 [http-nio-8083-exec-9] INFO  com.laizhong.hotel.utils.HttpClientUtil - end Http Get Request,result=ResponseEntityProxy{[Content-Type: text/plain,Content-Length: 32,Chunked: false]}
2019-08-26 00:08:15.284 [main] INFO  com.laizhong.hotel.HotelApplication - Starting HotelApplication on PC-20170115GALA with PID 6988 (F:\project\hotel\bin\main started by zhousiting in F:\project\hotel)
2019-08-26 00:08:15.289 [main] INFO  com.laizhong.hotel.HotelApplication - No active profile set, falling back to default profiles: default
2019-08-26 00:08:15.379 [main] INFO  o.s.b.w.s.c.AnnotationConfigServletWebServerApplicationContext - Refreshing org.springframework.boot.web.servlet.context.AnnotationConfigServletWebServerApplicationContext@2d7275fc: startup date [Mon Aug 26 00:08:15 CST 2019]; root of context hierarchy
2019-08-26 00:08:18.094 [main] INFO  o.s.boot.web.embedded.tomcat.TomcatWebServer - Tomcat initialized with port(s): 8083 (http)
2019-08-26 00:08:18.121 [main] INFO  org.apache.coyote.http11.Http11NioProtocol - Initializing ProtocolHandler ["http-nio-8083"]
2019-08-26 00:08:18.155 [main] INFO  org.apache.catalina.core.StandardService - Starting service [Tomcat]
2019-08-26 00:08:18.155 [main] INFO  org.apache.catalina.core.StandardEngine - Starting Servlet Engine: Apache Tomcat/8.5.39
2019-08-26 00:08:18.173 [localhost-startStop-1] INFO  org.apache.catalina.core.AprLifecycleListener - The APR based Apache Tomcat Native library which allows optimal performance in production environments was not found on the java.library.path: [D:\Program Files\Java\jdk1.8.0_121\bin;C:\Windows\Sun\Java\bin;C:\Windows\system32;C:\Windows;D:/Program Files/Java/jdk1.8.0_121/bin/../jre/bin/server;D:/Program Files/Java/jdk1.8.0_121/bin/../jre/bin;D:/Program Files/Java/jdk1.8.0_121/bin/../jre/lib/amd64;D:\Program Files\Java\jdk1.8.0_121\bin;C:\ProgramData\Oracle\Java\javapath;C:\Windows\system32;C:\Windows;C:\Windows\System32\Wbem;C:\Windows\System32\WindowsPowerShell\v1.0\;D:\Program Files\Microsoft SQL Server\110\Tools\Binn\;D:\Program Files (x86)\Microsoft SQL Server\110\Tools\Binn\ManagementStudio\;D:\Program Files (x86)\Microsoft SQL Server\110\Tools\Binn\;D:\Program Files (x86)\Microsoft SQL Server\110\DTS\Binn\;D:\Program Files\Java\jdk1.8.0_121\bin;D:\Program Files\Java\jdk1.8.0_121\jre\bin;C:\Program Files\MySQL\MySQL Server 5.5\bin;D:\Program Files\MySQL\MySQL Server 5.5\bin;C:\Users\zhousiting\.dnx\bin;C:\Program Files\Microsoft DNX\Dnvm\;C:\Program Files\dotnet\;D:\Program Files\Microsoft SQL Server\130\Tools\Binn\;D:\java\Git\bin;D:\java\gradle-4.7-all\gradle-4.7\bin;F:\论文\环境\eclipse-jee-neon-2-win32-x86_64\eclipse;;.]
2019-08-26 00:08:18.385 [localhost-startStop-1] INFO  o.a.c.c.C.[Tomcat].[localhost].[/laizhong] - Initializing Spring embedded WebApplicationContext
2019-08-26 00:08:19.269 [localhost-startStop-1] INFO  o.s.boot.web.servlet.ServletRegistrationBean - Servlet dispatcherServlet mapped to [/]
2019-08-26 00:08:19.274 [localhost-startStop-1] INFO  o.s.boot.web.servlet.FilterRegistrationBean - Mapping filter: 'characterEncodingFilter' to: [/*]
2019-08-26 00:08:19.275 [localhost-startStop-1] INFO  o.s.boot.web.servlet.FilterRegistrationBean - Mapping filter: 'hiddenHttpMethodFilter' to: [/*]
2019-08-26 00:08:19.275 [localhost-startStop-1] INFO  o.s.boot.web.servlet.FilterRegistrationBean - Mapping filter: 'httpPutFormContentFilter' to: [/*]
2019-08-26 00:08:19.276 [localhost-startStop-1] INFO  o.s.boot.web.servlet.FilterRegistrationBean - Mapping filter: 'requestContextFilter' to: [/*]
2019-08-26 00:08:19.276 [localhost-startStop-1] INFO  o.s.boot.web.servlet.FilterRegistrationBean - Mapping filter: 'com.laizhong.hotel.filter.LoginFilter' to: [/*]
2019-08-26 00:08:20.222 [main] INFO  o.s.b.a.web.servlet.WelcomePageHandlerMapping - Adding welcome page: class path resource [static/index.html]
2019-08-26 00:08:20.693 [main] INFO  o.s.jmx.export.annotation.AnnotationMBeanExporter - Registering beans for JMX exposure on startup
2019-08-26 00:08:20.696 [main] INFO  o.s.jmx.export.annotation.AnnotationMBeanExporter - Bean with name 'dataSource' has been autodetected for JMX exposure
2019-08-26 00:08:20.708 [main] INFO  o.s.jmx.export.annotation.AnnotationMBeanExporter - Located MBean 'dataSource': registering with JMX server as MBean [com.zaxxer.hikari:name=dataSource,type=HikariDataSource]
2019-08-26 00:08:20.727 [main] INFO  org.apache.coyote.http11.Http11NioProtocol - Starting ProtocolHandler ["http-nio-8083"]
2019-08-26 00:08:20.744 [main] INFO  org.apache.tomcat.util.net.NioSelectorPool - Using a shared selector for servlet write/read
2019-08-26 00:08:20.772 [main] INFO  o.s.boot.web.embedded.tomcat.TomcatWebServer - Tomcat started on port(s): 8083 (http) with context path '/laizhong'
2019-08-26 00:08:20.777 [main] INFO  com.laizhong.hotel.HotelApplication - Started HotelApplication in 6.147 seconds (JVM running for 6.68)
2019-08-26 00:08:53.580 [main] INFO  com.laizhong.hotel.HotelApplication - Starting HotelApplication on PC-20170115GALA with PID 6752 (F:\project\hotel\bin\main started by zhousiting in F:\project\hotel)
2019-08-26 00:08:53.585 [main] INFO  com.laizhong.hotel.HotelApplication - No active profile set, falling back to default profiles: default
2019-08-26 00:08:53.670 [main] INFO  o.s.b.w.s.c.AnnotationConfigServletWebServerApplicationContext - Refreshing org.springframework.boot.web.servlet.context.AnnotationConfigServletWebServerApplicationContext@5af3afd9: startup date [Mon Aug 26 00:08:53 CST 2019]; root of context hierarchy
2019-08-26 00:08:56.390 [main] INFO  o.s.boot.web.embedded.tomcat.TomcatWebServer - Tomcat initialized with port(s): 8083 (http)
2019-08-26 00:08:56.421 [main] INFO  org.apache.coyote.http11.Http11NioProtocol - Initializing ProtocolHandler ["http-nio-8083"]
2019-08-26 00:08:56.451 [main] INFO  org.apache.catalina.core.StandardService - Starting service [Tomcat]
2019-08-26 00:08:56.452 [main] INFO  org.apache.catalina.core.StandardEngine - Starting Servlet Engine: Apache Tomcat/8.5.39
2019-08-26 00:08:56.468 [localhost-startStop-1] INFO  org.apache.catalina.core.AprLifecycleListener - The APR based Apache Tomcat Native library which allows optimal performance in production environments was not found on the java.library.path: [D:\Program Files\Java\jdk1.8.0_121\bin;C:\Windows\Sun\Java\bin;C:\Windows\system32;C:\Windows;D:/Program Files/Java/jdk1.8.0_121/bin/../jre/bin/server;D:/Program Files/Java/jdk1.8.0_121/bin/../jre/bin;D:/Program Files/Java/jdk1.8.0_121/bin/../jre/lib/amd64;D:\Program Files\Java\jdk1.8.0_121\bin;C:\ProgramData\Oracle\Java\javapath;C:\Windows\system32;C:\Windows;C:\Windows\System32\Wbem;C:\Windows\System32\WindowsPowerShell\v1.0\;D:\Program Files\Microsoft SQL Server\110\Tools\Binn\;D:\Program Files (x86)\Microsoft SQL Server\110\Tools\Binn\ManagementStudio\;D:\Program Files (x86)\Microsoft SQL Server\110\Tools\Binn\;D:\Program Files (x86)\Microsoft SQL Server\110\DTS\Binn\;D:\Program Files\Java\jdk1.8.0_121\bin;D:\Program Files\Java\jdk1.8.0_121\jre\bin;C:\Program Files\MySQL\MySQL Server 5.5\bin;D:\Program Files\MySQL\MySQL Server 5.5\bin;C:\Users\zhousiting\.dnx\bin;C:\Program Files\Microsoft DNX\Dnvm\;C:\Program Files\dotnet\;D:\Program Files\Microsoft SQL Server\130\Tools\Binn\;D:\java\Git\bin;D:\java\gradle-4.7-all\gradle-4.7\bin;F:\论文\环境\eclipse-jee-neon-2-win32-x86_64\eclipse;;.]
2019-08-26 00:08:56.712 [localhost-startStop-1] INFO  o.a.c.c.C.[Tomcat].[localhost].[/laizhong] - Initializing Spring embedded WebApplicationContext
2019-08-26 00:08:57.615 [localhost-startStop-1] INFO  o.s.boot.web.servlet.ServletRegistrationBean - Servlet dispatcherServlet mapped to [/]
2019-08-26 00:08:57.622 [localhost-startStop-1] INFO  o.s.boot.web.servlet.FilterRegistrationBean - Mapping filter: 'characterEncodingFilter' to: [/*]
2019-08-26 00:08:57.623 [localhost-startStop-1] INFO  o.s.boot.web.servlet.FilterRegistrationBean - Mapping filter: 'hiddenHttpMethodFilter' to: [/*]
2019-08-26 00:08:57.623 [localhost-startStop-1] INFO  o.s.boot.web.servlet.FilterRegistrationBean - Mapping filter: 'httpPutFormContentFilter' to: [/*]
2019-08-26 00:08:57.623 [localhost-startStop-1] INFO  o.s.boot.web.servlet.FilterRegistrationBean - Mapping filter: 'requestContextFilter' to: [/*]
2019-08-26 00:08:57.624 [localhost-startStop-1] INFO  o.s.boot.web.servlet.FilterRegistrationBean - Mapping filter: 'com.laizhong.hotel.filter.LoginFilter' to: [/*]
2019-08-26 00:08:58.553 [main] INFO  o.s.b.a.web.servlet.WelcomePageHandlerMapping - Adding welcome page: class path resource [static/index.html]
2019-08-26 00:08:58.997 [main] INFO  o.s.jmx.export.annotation.AnnotationMBeanExporter - Registering beans for JMX exposure on startup
2019-08-26 00:08:58.999 [main] INFO  o.s.jmx.export.annotation.AnnotationMBeanExporter - Bean with name 'dataSource' has been autodetected for JMX exposure
2019-08-26 00:08:59.007 [main] INFO  o.s.jmx.export.annotation.AnnotationMBeanExporter - Located MBean 'dataSource': registering with JMX server as MBean [com.zaxxer.hikari:name=dataSource,type=HikariDataSource]
2019-08-26 00:08:59.025 [main] INFO  org.apache.coyote.http11.Http11NioProtocol - Starting ProtocolHandler ["http-nio-8083"]
2019-08-26 00:08:59.042 [main] INFO  org.apache.tomcat.util.net.NioSelectorPool - Using a shared selector for servlet write/read
2019-08-26 00:08:59.069 [main] INFO  o.s.boot.web.embedded.tomcat.TomcatWebServer - Tomcat started on port(s): 8083 (http) with context path '/laizhong'
2019-08-26 00:08:59.074 [main] INFO  com.laizhong.hotel.HotelApplication - Started HotelApplication in 6.144 seconds (JVM running for 6.727)
2019-08-26 00:09:03.995 [http-nio-8083-exec-1] INFO  o.a.c.c.C.[Tomcat].[localhost].[/laizhong] - Initializing Spring FrameworkServlet 'dispatcherServlet'
2019-08-26 00:09:04.654 [http-nio-8083-exec-1] INFO  com.laizhong.hotel.utils.HttpClientUtil - begin Sent Http Get Request,url=http://kty-bucket.oss-cn-beijing.aliyuncs.com/password.txt
2019-08-26 00:09:04.881 [http-nio-8083-exec-1] INFO  com.laizhong.hotel.utils.HttpClientUtil - end Http Get Request,result=ResponseEntityProxy{[Content-Type: text/plain,Content-Length: 32,Chunked: false]}
2019-08-26 00:09:12.884 [http-nio-8083-exec-4] INFO  com.laizhong.hotel.utils.HttpClientUtil - begin Sent Http Get Request,url=http://kty-bucket.oss-cn-beijing.aliyuncs.com/password.txt
2019-08-26 00:09:13.055 [http-nio-8083-exec-4] INFO  com.laizhong.hotel.utils.HttpClientUtil - end Http Get Request,result=ResponseEntityProxy{[Content-Type: text/plain,Content-Length: 32,Chunked: false]}
2019-08-26 00:09:13.265 [http-nio-8083-exec-4] INFO  com.zaxxer.hikari.HikariDataSource - HikariPool-1 - Starting...
2019-08-26 00:09:14.445 [http-nio-8083-exec-4] INFO  com.zaxxer.hikari.HikariDataSource - HikariPool-1 - Start completed.
2019-08-26 00:09:14.483 [http-nio-8083-exec-4] DEBUG c.l.h.mapper.AccountMapper.getAccountByIdAndPwd - ==>  Preparing: SELECT `account_id`, `account_name`, `account_pwd`, `created_date` FROM account where account_id=? and account_pwd=? 
2019-08-26 00:09:14.515 [http-nio-8083-exec-4] DEBUG c.l.h.mapper.AccountMapper.getAccountByIdAndPwd - ==> Parameters: admin(String), adminpwd(String)
2019-08-26 00:09:14.582 [http-nio-8083-exec-4] DEBUG c.l.h.mapper.AccountMapper.getAccountByIdAndPwd - <==      Total: 1
2019-08-26 00:09:14.638 [http-nio-8083-exec-4] DEBUG c.l.hotel.mapper.AccountRoleMapper.getAccountRoles - ==>  Preparing: SELECT a.id, a.account_id, a.role_id, a.created_date, h.role_name FROM account_role a, hotel_role h WHERE a.role_id = h.role_id AND account_id=? 
2019-08-26 00:09:14.638 [http-nio-8083-exec-4] DEBUG c.l.hotel.mapper.AccountRoleMapper.getAccountRoles - ==> Parameters: admin(String)
2019-08-26 00:09:14.693 [http-nio-8083-exec-4] DEBUG c.l.hotel.mapper.AccountRoleMapper.getAccountRoles - <==      Total: 1
2019-08-26 00:09:14.936 [http-nio-8083-exec-5] INFO  com.laizhong.hotel.utils.HttpClientUtil - begin Sent Http Get Request,url=http://kty-bucket.oss-cn-beijing.aliyuncs.com/password.txt
2019-08-26 00:09:15.038 [http-nio-8083-exec-5] INFO  com.laizhong.hotel.utils.HttpClientUtil - end Http Get Request,result=ResponseEntityProxy{[Content-Type: text/plain,Content-Length: 32,Chunked: false]}
2019-08-26 00:09:15.138 [http-nio-8083-exec-7] INFO  com.laizhong.hotel.utils.HttpClientUtil - begin Sent Http Get Request,url=http://kty-bucket.oss-cn-beijing.aliyuncs.com/password.txt
2019-08-26 00:09:15.142 [http-nio-8083-exec-8] INFO  com.laizhong.hotel.utils.HttpClientUtil - begin Sent Http Get Request,url=http://kty-bucket.oss-cn-beijing.aliyuncs.com/password.txt
2019-08-26 00:09:15.177 [http-nio-8083-exec-9] INFO  com.laizhong.hotel.utils.HttpClientUtil - begin Sent Http Get Request,url=http://kty-bucket.oss-cn-beijing.aliyuncs.com/password.txt
2019-08-26 00:09:15.187 [http-nio-8083-exec-1] INFO  com.laizhong.hotel.utils.HttpClientUtil - begin Sent Http Get Request,url=http://kty-bucket.oss-cn-beijing.aliyuncs.com/password.txt
2019-08-26 00:09:15.190 [http-nio-8083-exec-10] INFO  com.laizhong.hotel.utils.HttpClientUtil - begin Sent Http Get Request,url=http://kty-bucket.oss-cn-beijing.aliyuncs.com/password.txt
2019-08-26 00:09:15.214 [http-nio-8083-exec-3] INFO  com.laizhong.hotel.utils.HttpClientUtil - begin Sent Http Get Request,url=http://kty-bucket.oss-cn-beijing.aliyuncs.com/password.txt
2019-08-26 00:09:15.259 [http-nio-8083-exec-8] INFO  com.laizhong.hotel.utils.HttpClientUtil - end Http Get Request,result=ResponseEntityProxy{[Content-Type: text/plain,Content-Length: 32,Chunked: false]}
2019-08-26 00:09:15.271 [http-nio-8083-exec-7] INFO  com.laizhong.hotel.utils.HttpClientUtil - end Http Get Request,result=ResponseEntityProxy{[Content-Type: text/plain,Content-Length: 32,Chunked: false]}
2019-08-26 00:09:15.286 [http-nio-8083-exec-9] INFO  com.laizhong.hotel.utils.HttpClientUtil - end Http Get Request,result=ResponseEntityProxy{[Content-Type: text/plain,Content-Length: 32,Chunked: false]}
2019-08-26 00:09:15.309 [http-nio-8083-exec-1] INFO  com.laizhong.hotel.utils.HttpClientUtil - end Http Get Request,result=ResponseEntityProxy{[Content-Type: text/plain,Content-Length: 32,Chunked: false]}
2019-08-26 00:09:15.319 [http-nio-8083-exec-3] INFO  com.laizhong.hotel.utils.HttpClientUtil - end Http Get Request,result=ResponseEntityProxy{[Content-Type: text/plain,Content-Length: 32,Chunked: false]}
2019-08-26 00:09:15.319 [http-nio-8083-exec-10] INFO  com.laizhong.hotel.utils.HttpClientUtil - end Http Get Request,result=ResponseEntityProxy{[Content-Type: text/plain,Content-Length: 32,Chunked: false]}
2019-08-26 00:09:15.369 [http-nio-8083-exec-2] INFO  com.laizhong.hotel.utils.HttpClientUtil - begin Sent Http Get Request,url=http://kty-bucket.oss-cn-beijing.aliyuncs.com/password.txt
2019-08-26 00:09:15.372 [http-nio-8083-exec-4] INFO  com.laizhong.hotel.utils.HttpClientUtil - begin Sent Http Get Request,url=http://kty-bucket.oss-cn-beijing.aliyuncs.com/password.txt
2019-08-26 00:09:15.388 [http-nio-8083-exec-6] INFO  com.laizhong.hotel.utils.HttpClientUtil - begin Sent Http Get Request,url=http://kty-bucket.oss-cn-beijing.aliyuncs.com/password.txt
2019-08-26 00:09:15.434 [http-nio-8083-exec-5] INFO  com.laizhong.hotel.utils.HttpClientUtil - begin Sent Http Get Request,url=http://kty-bucket.oss-cn-beijing.aliyuncs.com/password.txt
2019-08-26 00:09:15.485 [http-nio-8083-exec-4] INFO  com.laizhong.hotel.utils.HttpClientUtil - end Http Get Request,result=ResponseEntityProxy{[Content-Type: text/plain,Content-Length: 32,Chunked: false]}
2019-08-26 00:09:15.485 [http-nio-8083-exec-2] INFO  com.laizhong.hotel.utils.HttpClientUtil - end Http Get Request,result=ResponseEntityProxy{[Content-Type: text/plain,Content-Length: 32,Chunked: false]}
2019-08-26 00:09:15.489 [http-nio-8083-exec-6] INFO  com.laizhong.hotel.utils.HttpClientUtil - end Http Get Request,result=ResponseEntityProxy{[Content-Type: text/plain,Content-Length: 32,Chunked: false]}
2019-08-26 00:09:15.528 [http-nio-8083-exec-5] INFO  com.laizhong.hotel.utils.HttpClientUtil - end Http Get Request,result=ResponseEntityProxy{[Content-Type: text/plain,Content-Length: 32,Chunked: false]}
2019-08-26 00:09:15.602 [http-nio-8083-exec-5] DEBUG c.l.h.mapper.AccountRoleMapper.getAccountRoleIds - ==>  Preparing: SELECT role_id FROM account_role where account_id=? 
2019-08-26 00:09:15.603 [http-nio-8083-exec-5] DEBUG c.l.h.mapper.AccountRoleMapper.getAccountRoleIds - ==> Parameters: admin(String)
2019-08-26 00:09:15.659 [http-nio-8083-exec-5] DEBUG c.l.h.mapper.AccountRoleMapper.getAccountRoleIds - <==      Total: 1
2019-08-26 00:09:17.086 [http-nio-8083-exec-7] INFO  com.laizhong.hotel.utils.HttpClientUtil - begin Sent Http Get Request,url=http://kty-bucket.oss-cn-beijing.aliyuncs.com/password.txt
2019-08-26 00:09:17.093 [http-nio-8083-exec-8] INFO  com.laizhong.hotel.utils.HttpClientUtil - begin Sent Http Get Request,url=http://kty-bucket.oss-cn-beijing.aliyuncs.com/password.txt
2019-08-26 00:09:17.194 [http-nio-8083-exec-7] INFO  com.laizhong.hotel.utils.HttpClientUtil - end Http Get Request,result=ResponseEntityProxy{[Content-Type: text/plain,Content-Length: 32,Chunked: false]}
2019-08-26 00:09:17.204 [http-nio-8083-exec-8] INFO  com.laizhong.hotel.utils.HttpClientUtil - end Http Get Request,result=ResponseEntityProxy{[Content-Type: text/plain,Content-Length: 32,Chunked: false]}
2019-08-26 00:09:17.258 [http-nio-8083-exec-9] INFO  com.laizhong.hotel.utils.HttpClientUtil - begin Sent Http Get Request,url=http://kty-bucket.oss-cn-beijing.aliyuncs.com/password.txt
2019-08-26 00:09:17.264 [http-nio-8083-exec-3] INFO  com.laizhong.hotel.utils.HttpClientUtil - begin Sent Http Get Request,url=http://kty-bucket.oss-cn-beijing.aliyuncs.com/password.txt
2019-08-26 00:09:17.268 [http-nio-8083-exec-10] INFO  com.laizhong.hotel.utils.HttpClientUtil - begin Sent Http Get Request,url=http://kty-bucket.oss-cn-beijing.aliyuncs.com/password.txt
2019-08-26 00:09:17.266 [http-nio-8083-exec-1] INFO  com.laizhong.hotel.utils.HttpClientUtil - begin Sent Http Get Request,url=http://kty-bucket.oss-cn-beijing.aliyuncs.com/password.txt
2019-08-26 00:09:17.273 [http-nio-8083-exec-2] INFO  com.laizhong.hotel.utils.HttpClientUtil - begin Sent Http Get Request,url=http://kty-bucket.oss-cn-beijing.aliyuncs.com/password.txt
2019-08-26 00:09:17.386 [http-nio-8083-exec-3] INFO  com.laizhong.hotel.utils.HttpClientUtil - end Http Get Request,result=ResponseEntityProxy{[Content-Type: text/plain,Content-Length: 32,Chunked: false]}
2019-08-26 00:09:17.386 [http-nio-8083-exec-1] INFO  com.laizhong.hotel.utils.HttpClientUtil - end Http Get Request,result=ResponseEntityProxy{[Content-Type: text/plain,Content-Length: 32,Chunked: false]}
2019-08-26 00:09:17.387 [http-nio-8083-exec-9] INFO  com.laizhong.hotel.utils.HttpClientUtil - end Http Get Request,result=ResponseEntityProxy{[Content-Type: text/plain,Content-Length: 32,Chunked: false]}
2019-08-26 00:09:17.389 [http-nio-8083-exec-10] INFO  com.laizhong.hotel.utils.HttpClientUtil - end Http Get Request,result=ResponseEntityProxy{[Content-Type: text/plain,Content-Length: 32,Chunked: false]}
2019-08-26 00:09:17.393 [http-nio-8083-exec-2] INFO  com.laizhong.hotel.utils.HttpClientUtil - end Http Get Request,result=ResponseEntityProxy{[Content-Type: text/plain,Content-Length: 32,Chunked: false]}
2019-08-26 00:09:17.461 [http-nio-8083-exec-4] INFO  com.laizhong.hotel.utils.HttpClientUtil - begin Sent Http Get Request,url=http://kty-bucket.oss-cn-beijing.aliyuncs.com/password.txt
2019-08-26 00:09:17.467 [http-nio-8083-exec-6] INFO  com.laizhong.hotel.utils.HttpClientUtil - begin Sent Http Get Request,url=http://kty-bucket.oss-cn-beijing.aliyuncs.com/password.txt
2019-08-26 00:09:17.472 [http-nio-8083-exec-8] INFO  com.laizhong.hotel.utils.HttpClientUtil - begin Sent Http Get Request,url=http://kty-bucket.oss-cn-beijing.aliyuncs.com/password.txt
2019-08-26 00:09:17.472 [http-nio-8083-exec-5] INFO  com.laizhong.hotel.utils.HttpClientUtil - begin Sent Http Get Request,url=http://kty-bucket.oss-cn-beijing.aliyuncs.com/password.txt
2019-08-26 00:09:17.525 [http-nio-8083-exec-7] INFO  com.laizhong.hotel.utils.HttpClientUtil - begin Sent Http Get Request,url=http://kty-bucket.oss-cn-beijing.aliyuncs.com/password.txt
2019-08-26 00:09:17.564 [http-nio-8083-exec-6] INFO  com.laizhong.hotel.utils.HttpClientUtil - end Http Get Request,result=ResponseEntityProxy{[Content-Type: text/plain,Content-Length: 32,Chunked: false]}
2019-08-26 00:09:17.564 [http-nio-8083-exec-4] INFO  com.laizhong.hotel.utils.HttpClientUtil - end Http Get Request,result=ResponseEntityProxy{[Content-Type: text/plain,Content-Length: 32,Chunked: false]}
2019-08-26 00:09:17.567 [http-nio-8083-exec-8] INFO  com.laizhong.hotel.utils.HttpClientUtil - end Http Get Request,result=ResponseEntityProxy{[Content-Type: text/plain,Content-Length: 32,Chunked: false]}
2019-08-26 00:09:17.573 [http-nio-8083-exec-5] INFO  com.laizhong.hotel.utils.HttpClientUtil - end Http Get Request,result=ResponseEntityProxy{[Content-Type: text/plain,Content-Length: 32,Chunked: false]}
2019-08-26 00:09:17.653 [http-nio-8083-exec-7] INFO  com.laizhong.hotel.utils.HttpClientUtil - end Http Get Request,result=ResponseEntityProxy{[Content-Type: text/plain,Content-Length: 32,Chunked: false]}
2019-08-26 00:09:17.720 [http-nio-8083-exec-7] DEBUG c.l.hotel.mapper.YsAccountMapper.getYsAccount - ==>  Preparing: SELECT `merchant_no`, `hotel_code`, `remark`, `cust_type`, `another_name`, `cust_name`, `mer_flag`, `industry`, `province`, `city`, `company_addr`, `legal_name`, `legal_tel`, `legal_cert_type`, `legal_cert_no`, `legal_cert_expire`, `bus_license`, `bus_license_expire`, `bank_account_no`, `bank_account_name`, `bank_account_type`, `bank_card_type`, `bank_name`, `bank_type`, `bank_province`, `bank_city`, `cert_type`, `cert_no`, `bank_telephone_no`, `user_code`, `cust_id`, `user_status`, `cust_statue`, `is_need_contract`, `online_url`, `offline_url`, created_date FROM ys_account_info where hotel_code=? order by created_date desc limit 0,1 
2019-08-26 00:09:17.721 [http-nio-8083-exec-7] DEBUG c.l.hotel.mapper.YsAccountMapper.getYsAccount - ==> Parameters: H1(String)
2019-08-26 00:09:17.791 [http-nio-8083-exec-7] DEBUG c.l.hotel.mapper.YsAccountMapper.getYsAccount - <==      Total: 1
2019-08-26 00:09:17.793 [http-nio-8083-exec-7] DEBUG c.l.h.m.Y.getImageByModelSelective - ==>  Preparing: SELECT `id`, `merchant_no`, `img_type`, `img_url` FROM ys_account_info_img WHERE merchant_no = ? 
2019-08-26 00:09:17.793 [http-nio-8083-exec-7] DEBUG c.l.h.m.Y.getImageByModelSelective - ==> Parameters: lzxx-chs3(String)
2019-08-26 00:09:17.850 [http-nio-8083-exec-7] DEBUG c.l.h.m.Y.getImageByModelSelective - <==      Total: 5
2019-08-26 00:09:18.250 [http-nio-8083-exec-7] INFO  com.laizhong.hotel.pay.ys.utils.Https - 请求地址[https://register.ysepay.com:2443/register_gateway/gateway.do],请求数据:
biz_content=%7B%22usercode%22%3A%22X1908231712130088750%22%7D&charset=UTF-8&method=ysepay.merchant.register.query&notify_url=http://221.8.219.106:8083/laizhong/app/api/yspay/receive/common&partner_id=lzxx&sign=J9yXnijvghnUuslCb2ouw3%2FmjlkxYkQ%2FrM5ywnqKz7mBtcKMD0Kt2vxmT3hkBfpkKdvQOnJVAbdEQunfZ%2F2hFGO%2BzY65EBn3sVP8BtqLVCA1Jy98VXMUbx43xLR9rNEmFFEZvyRhjn4FzPNFOdXS4ObpHzl7j4cGMujk7quuK6YNYDVL0EOAAjfCsXWX8w%2BP1gknVwxBtEI2jsZgNySs5iKrdKYjxDwy0xkFwrS2K5nZKhgcHLT7IHwU0BhTeiJLALAoNr%2FhBLMTqwvt0%2BCHTq%2BQwAdFUgs%2F5OLnU17iYoNVb59wz%2BItcJt%2FL6H0zJe1fEOPnq%2F1xth59s4NvSA57g%3D%3D&sign_type=RSA&timestamp=2019-08-26 00:09:17&version=3.0
2019-08-26 00:09:18.590 [http-nio-8083-exec-7] INFO  com.laizhong.hotel.pay.ys.utils.Https - 响应数据:
{"sign":"PyMNT0kXggjD4f1YWrtWIi+bPKg3EAjBeMZ+oh1lEGV1vJF7v7mOgX9MJo7PNv26fnnJE2xqvzHDQONKxnvd2RAomSL90HCUNA4QjswrY5fqk3P3+jmP3szidp8sfJsoV1f0ZZOzf2ufOAj0JzC39LSKM3gzew73Kue5ruGPOD8=","ysepay_merchant_register_query_response":{"code":"10000","msg":"Success","usercode":"X1908231712130088750","custname":"深圳市创宏视科技有限公司","custid":"2019082312198421","user_status":"生效","createtime":"20190823","cust_status":"待审核","is_need_contract":"N","merchant_no":"lzxx-chs3","note":""}}
2019-08-26 00:09:18.591 [http-nio-8083-exec-7] INFO  com.laizhong.hotel.service.HtmlService - [查询银盛注册结果返回消息===={"sign":"PyMNT0kXggjD4f1YWrtWIi+bPKg3EAjBeMZ+oh1lEGV1vJF7v7mOgX9MJo7PNv26fnnJE2xqvzHDQONKxnvd2RAomSL90HCUNA4QjswrY5fqk3P3+jmP3szidp8sfJsoV1f0ZZOzf2ufOAj0JzC39LSKM3gzew73Kue5ruGPOD8=","ysepay_merchant_register_query_response":{"code":"10000","msg":"Success","usercode":"X1908231712130088750","custname":"深圳市创宏视科技有限公司","custid":"2019082312198421","user_status":"生效","createtime":"20190823","cust_status":"待审核","is_need_contract":"N","merchant_no":"lzxx-chs3","note":""}}]
2019-08-26 00:09:18.830 [http-nio-8083-exec-7] DEBUG c.l.h.m.Y.updateByPrimaryKeySelective - ==>  Preparing: update ys_account_info SET user_status = ?, cust_statue = ? WHERE merchant_no=? AND hotel_code=? 
2019-08-26 00:09:18.831 [http-nio-8083-exec-7] DEBUG c.l.h.m.Y.updateByPrimaryKeySelective - ==> Parameters: 生效(String), 待审核(String), lzxx-chs3(String), H1(String)
2019-08-26 00:09:18.948 [http-nio-8083-exec-7] DEBUG c.l.h.m.Y.updateByPrimaryKeySelective - <==    Updates: 1
2019-08-26 00:09:19.015 [http-nio-8083-exec-3] INFO  com.laizhong.hotel.utils.HttpClientUtil - begin Sent Http Get Request,url=http://kty-bucket.oss-cn-beijing.aliyuncs.com/password.txt
2019-08-26 00:09:19.015 [http-nio-8083-exec-9] INFO  com.laizhong.hotel.utils.HttpClientUtil - begin Sent Http Get Request,url=http://kty-bucket.oss-cn-beijing.aliyuncs.com/password.txt
2019-08-26 00:09:19.111 [http-nio-8083-exec-3] INFO  com.laizhong.hotel.utils.HttpClientUtil - end Http Get Request,result=ResponseEntityProxy{[Content-Type: text/plain,Content-Length: 32,Chunked: false]}
2019-08-26 00:09:19.115 [http-nio-8083-exec-9] INFO  com.laizhong.hotel.utils.HttpClientUtil - end Http Get Request,result=ResponseEntityProxy{[Content-Type: text/plain,Content-Length: 32,Chunked: false]}
2019-08-26 00:09:19.230 [http-nio-8083-exec-1] INFO  com.laizhong.hotel.utils.HttpClientUtil - begin Sent Http Get Request,url=http://kty-bucket.oss-cn-beijing.aliyuncs.com/password.txt
2019-08-26 00:09:19.231 [http-nio-8083-exec-2] INFO  com.laizhong.hotel.utils.HttpClientUtil - begin Sent Http Get Request,url=http://kty-bucket.oss-cn-beijing.aliyuncs.com/password.txt
2019-08-26 00:09:19.230 [http-nio-8083-exec-10] INFO  com.laizhong.hotel.utils.HttpClientUtil - begin Sent Http Get Request,url=http://kty-bucket.oss-cn-beijing.aliyuncs.com/password.txt
2019-08-26 00:09:19.326 [http-nio-8083-exec-2] INFO  com.laizhong.hotel.utils.HttpClientUtil - end Http Get Request,result=ResponseEntityProxy{[Content-Type: text/plain,Content-Length: 32,Chunked: false]}
2019-08-26 00:09:19.328 [http-nio-8083-exec-1] INFO  com.laizhong.hotel.utils.HttpClientUtil - end Http Get Request,result=ResponseEntityProxy{[Content-Type: text/plain,Content-Length: 32,Chunked: false]}
2019-08-26 00:09:19.333 [http-nio-8083-exec-10] INFO  com.laizhong.hotel.utils.HttpClientUtil - end Http Get Request,result=ResponseEntityProxy{[Content-Type: text/plain,Content-Length: 32,Chunked: false]}
2019-08-26 00:09:21.780 [http-nio-8083-exec-6] INFO  com.laizhong.hotel.utils.HttpClientUtil - begin Sent Http Get Request,url=http://kty-bucket.oss-cn-beijing.aliyuncs.com/password.txt
2019-08-26 00:09:21.902 [http-nio-8083-exec-6] INFO  com.laizhong.hotel.utils.HttpClientUtil - end Http Get Request,result=ResponseEntityProxy{[Content-Type: text/plain,Content-Length: 32,Chunked: false]}
2019-08-26 00:09:21.927 [http-nio-8083-exec-8] INFO  com.laizhong.hotel.utils.HttpClientUtil - begin Sent Http Get Request,url=http://kty-bucket.oss-cn-beijing.aliyuncs.com/password.txt
2019-08-26 00:09:22.031 [http-nio-8083-exec-8] INFO  com.laizhong.hotel.utils.HttpClientUtil - end Http Get Request,result=ResponseEntityProxy{[Content-Type: text/plain,Content-Length: 32,Chunked: false]}
2019-08-26 00:09:22.067 [http-nio-8083-exec-4] INFO  com.laizhong.hotel.utils.HttpClientUtil - begin Sent Http Get Request,url=http://kty-bucket.oss-cn-beijing.aliyuncs.com/password.txt
2019-08-26 00:09:22.159 [http-nio-8083-exec-4] INFO  com.laizhong.hotel.utils.HttpClientUtil - end Http Get Request,result=ResponseEntityProxy{[Content-Type: text/plain,Content-Length: 32,Chunked: false]}
2019-08-26 00:09:22.216 [http-nio-8083-exec-4] DEBUG c.l.h.mapper.HotelInfoMapper.getHotelInfoByCode - ==>  Preparing: SELECT `hotel_code`, `hotel_name`, `hotel_desc`, `hotel_image`, `hotel_sys_url`, `hotel_breakfast`, `hotel_deposit`, `hotel_video_url`, `secret_key`, `hotel_qrcode` FROM hotel_info WHERE hotel_code = ? 
2019-08-26 00:09:22.218 [http-nio-8083-exec-4] DEBUG c.l.h.mapper.HotelInfoMapper.getHotelInfoByCode - ==> Parameters: H1(String)
2019-08-26 00:09:22.276 [http-nio-8083-exec-4] DEBUG c.l.h.mapper.HotelInfoMapper.getHotelInfoByCode - <==      Total: 1
2019-08-26 00:09:22.352 [http-nio-8083-exec-4] INFO  com.laizhong.hotel.utils.HttpClientUtil - [开始发送post请求,请求地址=http://localhost:8082/laizhongdata/api/getRoomType,参数={"hotelCode":"H1","key":"901d28c74a16b9a10f77d057899c3d10"}]
2019-08-26 00:09:22.364 [http-nio-8083-exec-4] INFO  com.laizhong.hotel.utils.HttpClientUtil - [返回结果={"code":"success","message":null,"data":[{"hotelCode":"H1","roomTypeCode":"r1","roomTypeTitle":"高级大床房","individualPrice":"591","roomNum":8,"checkinNum":2,"roomDesc":"洗漱用品免费，24小时热水，独立淋浴间，吹风机，拖鞋，浴衣，小冰箱，遮光窗帘，免费上网"},{"hotelCode":"H1","roomTypeCode":"r2","roomTypeTitle":"商务双床房","individualPrice":"668","roomNum":8,"checkinNum":3,"roomDesc":"洗漱用品免费，24小时热水，独立淋浴间，吹风机，拖鞋，浴衣，小冰箱，遮光窗帘，免费上网"},{"hotelCode":"H1","roomTypeCode":"r3","roomTypeTitle":"商务套房","individualPrice":"1618","roomNum":8,"checkinNum":2,"roomDesc":"洗漱用品免费，24小时热水，独立淋浴间，吹风机，拖鞋，浴衣，小冰箱，遮光窗帘，免费上网"},{"hotelCode":"H1","roomTypeCode":"r4","roomTypeTitle":"小黄鸭主题套房","individualPrice":"1888","roomNum":7,"checkinNum":3,"roomDesc":"洗漱用品免费，24小时热水，独立淋浴间，吹风机，拖鞋，浴衣，小冰箱，遮光窗帘，免费上网"}]}]
2019-08-26 00:09:22.414 [http-nio-8083-exec-7] INFO  com.laizhong.hotel.utils.HttpClientUtil - begin Sent Http Get Request,url=http://kty-bucket.oss-cn-beijing.aliyuncs.com/password.txt
2019-08-26 00:09:22.422 [http-nio-8083-exec-5] INFO  com.laizhong.hotel.utils.HttpClientUtil - begin Sent Http Get Request,url=http://kty-bucket.oss-cn-beijing.aliyuncs.com/password.txt
2019-08-26 00:09:22.522 [http-nio-8083-exec-5] INFO  com.laizhong.hotel.utils.HttpClientUtil - end Http Get Request,result=ResponseEntityProxy{[Content-Type: text/plain,Content-Length: 32,Chunked: false]}
2019-08-26 00:09:22.524 [http-nio-8083-exec-7] INFO  com.laizhong.hotel.utils.HttpClientUtil - end Http Get Request,result=ResponseEntityProxy{[Content-Type: text/plain,Content-Length: 32,Chunked: false]}
2019-08-26 00:09:22.530 [http-nio-8083-exec-5] DEBUG c.l.h.m.RoomInfoMapper.getRoomInfoByModelSelective - ==>  Preparing: SELECT `hotel_code`, `room_type_code`, `room_type_title`, `bed_num`, `created_date` FROM room_info where hotel_code = ? and room_type_code=? 
2019-08-26 00:09:22.533 [http-nio-8083-exec-5] DEBUG c.l.h.m.RoomInfoMapper.getRoomInfoByModelSelective - ==> Parameters: H1(String), r1(String)
2019-08-26 00:09:22.588 [http-nio-8083-exec-5] DEBUG c.l.h.m.RoomInfoMapper.getRoomInfoByModelSelective - <==      Total: 1
2019-08-26 00:09:22.595 [http-nio-8083-exec-7] DEBUG c.l.h.m.R.getRoomTypeInfoByModelSelective - ==>  Preparing: SELECT `id`, `hotel_code`, `room_type_code`, `room_type_image`, `image_type` FROM room_image where hotel_code = ? and room_type_code=? 
2019-08-26 00:09:22.596 [http-nio-8083-exec-7] DEBUG c.l.h.m.R.getRoomTypeInfoByModelSelective - ==> Parameters: H1(String), r1(String)
2019-08-26 00:09:22.653 [http-nio-8083-exec-7] DEBUG c.l.h.m.R.getRoomTypeInfoByModelSelective - <==      Total: 2
2019-08-26 00:09:22.664 [http-nio-8083-exec-3] INFO  com.laizhong.hotel.utils.HttpClientUtil - begin Sent Http Get Request,url=http://kty-bucket.oss-cn-beijing.aliyuncs.com/password.txt
2019-08-26 00:09:22.667 [http-nio-8083-exec-9] INFO  com.laizhong.hotel.utils.HttpClientUtil - begin Sent Http Get Request,url=http://kty-bucket.oss-cn-beijing.aliyuncs.com/password.txt
2019-08-26 00:09:22.753 [http-nio-8083-exec-3] INFO  com.laizhong.hotel.utils.HttpClientUtil - end Http Get Request,result=ResponseEntityProxy{[Content-Type: text/plain,Content-Length: 32,Chunked: false]}
2019-08-26 00:09:22.765 [http-nio-8083-exec-9] INFO  com.laizhong.hotel.utils.HttpClientUtil - end Http Get Request,result=ResponseEntityProxy{[Content-Type: text/plain,Content-Length: 32,Chunked: false]}
